0 info it worked if it ends with ok
1 verbose cli [ 'node', '/usr/local/bin/npm', 'install', 'express', '--save' ]
2 info using npm@2.10.1
3 info using node@v0.12.4
4 verbose install initial load of /Users/juanchavez/Sites/CreightonSummerResearch2016/package.json
5 warn package.json creightonsummerresearch2016@1.0.0 No README data
6 verbose readDependencies loading dependencies from /Users/juanchavez/Sites/CreightonSummerResearch2016/package.json
7 silly cache add args [ 'express', null ]
8 verbose cache add spec express
9 silly cache add parsed spec { raw: 'express',
9 silly cache add   scope: null,
9 silly cache add   name: 'express',
9 silly cache add   rawSpec: '',
9 silly cache add   spec: '*',
9 silly cache add   type: 'range' }
10 silly addNamed express@*
11 verbose addNamed "*" is a valid semver range for express
12 silly addNameRange { name: 'express', range: '*', hasData: false }
13 silly mapToRegistry name express
14 silly mapToRegistry using default registry
15 silly mapToRegistry registry https://registry.npmjs.org/
16 silly mapToRegistry uri https://registry.npmjs.org/express
17 verbose addNameRange registry:https://registry.npmjs.org/express not in flight; fetching
18 verbose request uri https://registry.npmjs.org/express
19 verbose request no auth needed
20 info attempt registry request try #1 at 10:46:38 PM
21 verbose request id 882a553c13853303
22 http request GET https://registry.npmjs.org/express
23 http 200 https://registry.npmjs.org/express
24 silly get cb [ 200,
24 silly get   { server: 'CouchDB/1.5.0 (Erlang OTP/R16B03)',
24 silly get     etag: '"2UI0PD884MVG0TJYHD2NSNPCM"',
24 silly get     'content-type': 'application/json',
24 silly get     'content-encoding': 'gzip',
24 silly get     'cache-control': 'max-age=300',
24 silly get     'content-length': '54758',
24 silly get     'accept-ranges': 'bytes',
24 silly get     date: 'Fri, 10 Jun 2016 03:46:35 GMT',
24 silly get     via: '1.1 varnish',
24 silly get     age: '184',
24 silly get     connection: 'keep-alive',
24 silly get     'x-served-by': 'cache-dfw1842-DFW',
24 silly get     'x-cache': 'HIT',
24 silly get     'x-cache-hits': '1',
24 silly get     'x-timer': 'S1465530395.534291,VS0,VE0',
24 silly get     vary: 'Accept-Encoding' } ]
25 verbose get saving express to /Users/juanchavez/.npm/registry.npmjs.org/express/.cache.json
26 silly addNameRange number 2 { name: 'express', range: '*', hasData: true }
27 silly addNameRange versions [ 'express',
27 silly addNameRange   [ '0.14.0',
27 silly addNameRange     '0.14.1',
27 silly addNameRange     '1.0.0',
27 silly addNameRange     '1.0.1',
27 silly addNameRange     '1.0.2',
27 silly addNameRange     '1.0.3',
27 silly addNameRange     '1.0.4',
27 silly addNameRange     '1.0.5',
27 silly addNameRange     '1.0.6',
27 silly addNameRange     '1.0.7',
27 silly addNameRange     '1.0.8',
27 silly addNameRange     '2.0.0',
27 silly addNameRange     '2.1.0',
27 silly addNameRange     '2.1.1',
27 silly addNameRange     '2.2.0',
27 silly addNameRange     '2.2.1',
27 silly addNameRange     '2.2.2',
27 silly addNameRange     '2.3.0',
27 silly addNameRange     '2.3.1',
27 silly addNameRange     '2.3.2',
27 silly addNameRange     '2.3.3',
27 silly addNameRange     '2.3.4',
27 silly addNameRange     '2.3.5',
27 silly addNameRange     '2.3.6',
27 silly addNameRange     '2.3.7',
27 silly addNameRange     '2.3.8',
27 silly addNameRange     '2.3.9',
27 silly addNameRange     '2.3.10',
27 silly addNameRange     '2.3.11',
27 silly addNameRange     '2.3.12',
27 silly addNameRange     '2.4.0',
27 silly addNameRange     '2.4.1',
27 silly addNameRange     '2.4.2',
27 silly addNameRange     '2.4.3',
27 silly addNameRange     '2.4.4',
27 silly addNameRange     '2.4.5',
27 silly addNameRange     '2.4.6',
27 silly addNameRange     '2.4.7',
27 silly addNameRange     '2.5.0',
27 silly addNameRange     '2.5.1',
27 silly addNameRange     '2.5.2',
27 silly addNameRange     '2.5.3',
27 silly addNameRange     '2.5.4',
27 silly addNameRange     '2.5.5',
27 silly addNameRange     '2.5.6',
27 silly addNameRange     '2.5.7',
27 silly addNameRange     '2.5.8',
27 silly addNameRange     '2.5.9',
27 silly addNameRange     '2.5.10',
27 silly addNameRange     '2.5.11',
27 silly addNameRange     '3.0.0',
27 silly addNameRange     '3.0.1',
27 silly addNameRange     '3.0.2',
27 silly addNameRange     '3.0.3',
27 silly addNameRange     '3.0.4',
27 silly addNameRange     '3.0.5',
27 silly addNameRange     '3.0.6',
27 silly addNameRange     '3.1.0',
27 silly addNameRange     '3.1.1',
27 silly addNameRange     '3.1.2',
27 silly addNameRange     '3.2.0',
27 silly addNameRange     '3.2.1',
27 silly addNameRange     '3.2.2',
27 silly addNameRange     '3.2.3',
27 silly addNameRange     '3.2.4',
27 silly addNameRange     '3.2.5',
27 silly addNameRange     '3.2.6',
27 silly addNameRange     '3.3.0',
27 silly addNameRange     '3.3.1',
27 silly addNameRange     '3.3.2',
27 silly addNameRange     '3.3.3',
27 silly addNameRange     '3.3.4',
27 silly addNameRange     '3.3.5',
27 silly addNameRange     '3.3.6',
27 silly addNameRange     '1.0.0-beta',
27 silly addNameRange     '1.0.0-beta2',
27 silly addNameRange     '1.0.0-rc',
27 silly addNameRange     '1.0.0-rc2',
27 silly addNameRange     '1.0.0-rc3',
27 silly addNameRange     '1.0.0-rc4',
27 silly addNameRange     '2.0.0-beta',
27 silly addNameRange     '2.0.0-beta2',
27 silly addNameRange     '2.0.0-beta3',
27 silly addNameRange     '2.0.0-rc',
27 silly addNameRange     '2.0.0-rc2',
27 silly addNameRange     '2.0.0-rc3',
27 silly addNameRange     '3.0.0-alpha1',
27 silly addNameRange     '3.0.0-alpha2',
27 silly addNameRange     '3.0.0-alpha3',
27 silly addNameRange     '3.0.0-alpha4',
27 silly addNameRange     '3.0.0-alpha5',
27 silly addNameRange     '3.0.0-beta1',
27 silly addNameRange     '3.0.0-beta2',
27 silly addNameRange     '3.0.0-beta3',
27 silly addNameRange     '3.0.0-beta4',
27 silly addNameRange     '3.0.0-beta6',
27 silly addNameRange     '3.0.0-beta7',
27 silly addNameRange     '3.0.0-rc1',
27 silly addNameRange     '3.0.0-rc2',
27 silly addNameRange     '3.0.0-rc3',
27 silly addNameRange     '3.0.0-rc4',
27 silly addNameRange     '3.0.0-rc5',
27 silly addNameRange     '3.3.7',
27 silly addNameRange     '3.3.8',
27 silly addNameRange     '3.4.0',
27 silly addNameRange     '3.4.1',
27 silly addNameRange     '3.4.2',
27 silly addNameRange     '3.4.3',
27 silly addNameRange     '3.4.4',
27 silly addNameRange     '3.4.5',
27 silly addNameRange     '3.4.6',
27 silly addNameRange     '3.4.7',
27 silly addNameRange     '3.4.8',
27 silly addNameRange     '4.0.0-rc1',
27 silly addNameRange     '4.0.0-rc2',
27 silly addNameRange     '3.5.0',
27 silly addNameRange     '4.0.0-rc3',
27 silly addNameRange     '4.0.0-rc4',
27 silly addNameRange     '3.5.1',
27 silly addNameRange     '4.0.0',
27 silly addNameRange     '3.5.2',
27 silly addNameRange     '4.1.0',
27 silly addNameRange     '4.1.1',
27 silly addNameRange     '3.5.3',
27 silly addNameRange     '4.1.2',
27 silly addNameRange     '3.6.0',
27 silly addNameRange     '4.2.0',
27 silly addNameRange     '3.7.0',
27 silly addNameRange     '3.8.0',
27 silly addNameRange     '4.3.0',
27 silly addNameRange     '4.3.1',
27 silly addNameRange     '3.8.1',
27 silly addNameRange     '4.3.2',
27 silly addNameRange     '3.9.0',
27 silly addNameRange     '4.4.0',
27 silly addNameRange     '4.4.1',
27 silly addNameRange     '3.10.0',
27 silly addNameRange     '3.10.1',
27 silly addNameRange     '3.10.2',
27 silly addNameRange     '3.10.3',
27 silly addNameRange     '3.10.4',
27 silly addNameRange     '4.4.2',
27 silly addNameRange     '3.10.5',
27 silly addNameRange     '4.4.3',
27 silly addNameRange     '3.11.0',
27 silly addNameRange     '4.4.4',
27 silly addNameRange     '3.12.0',
27 silly addNameRange     '3.12.1',
27 silly addNameRange     '4.4.5',
27 silly addNameRange     '3.13.0',
27 silly addNameRange     '4.5.0',
27 silly addNameRange     '4.5.1',
27 silly addNameRange     '3.14.0',
27 silly addNameRange     '4.6.0',
27 silly addNameRange     '4.6.1',
27 silly addNameRange     '3.15.0',
27 silly addNameRange     '4.7.0',
27 silly addNameRange     '3.15.1',
27 silly addNameRange     '4.7.1',
27 silly addNameRange     '3.15.2',
27 silly addNameRange     '4.7.2',
27 silly addNameRange     '4.7.3',
27 silly addNameRange     '3.15.3',
27 silly addNameRange     '4.7.4',
27 silly addNameRange     '3.16.0',
27 silly addNameRange     '4.8.0',
27 silly addNameRange     '3.16.1',
27 silly addNameRange     '4.8.1',
27 silly addNameRange     '3.16.2',
27 silly addNameRange     '4.8.2',
27 silly addNameRange     '3.16.3',
27 silly addNameRange     '3.16.4',
27 silly addNameRange     '4.8.3',
27 silly addNameRange     '3.16.5',
27 silly addNameRange     '3.16.6',
27 silly addNameRange     '4.8.4',
27 silly addNameRange     '3.16.7',
27 silly addNameRange     '4.8.5',
27 silly addNameRange     '3.16.8',
27 silly addNameRange     '4.8.6',
27 silly addNameRange     '3.16.9',
27 silly addNameRange     '4.8.7',
27 silly addNameRange     '3.16.10',
27 silly addNameRange     '4.8.8',
27 silly addNameRange     '3.17.0',
27 silly addNameRange     '3.17.1',
27 silly addNameRange     '4.9.0',
27 silly addNameRange     '3.17.2',
27 silly addNameRange     '4.9.1',
27 silly addNameRange     '4.9.2',
27 silly addNameRange     '3.17.3',
27 silly addNameRange     '4.9.3',
27 silly addNameRange     '3.17.4',
27 silly addNameRange     '4.9.4',
27 silly addNameRange     '3.17.5',
27 silly addNameRange     '4.9.5',
27 silly addNameRange     '3.17.6',
27 silly addNameRange     '3.17.7',
27 silly addNameRange     '4.9.6',
27 silly addNameRange     '4.9.7',
27 silly addNameRange     '3.17.8',
27 silly addNameRange     '4.9.8',
27 silly addNameRange     '3.18.0',
27 silly addNameRange     '3.18.1',
27 silly addNameRange     '4.10.0',
27 silly addNameRange     '3.18.2',
27 silly addNameRange     '4.10.1',
27 silly addNameRange     '5.0.0-alpha.1',
27 silly addNameRange     '3.18.3',
27 silly addNameRange     '4.10.2',
27 silly addNameRange     '3.18.4',
27 silly addNameRange     '4.10.3',
27 silly addNameRange     '4.10.4',
27 silly addNameRange     '4.10.5',
27 silly addNameRange     '3.18.5',
27 silly addNameRange     '3.18.6',
27 silly addNameRange     '4.10.6',
27 silly addNameRange     '4.10.7',
27 silly addNameRange     '3.19.0',
27 silly addNameRange     '4.10.8',
27 silly addNameRange     '4.11.0',
27 silly addNameRange     '3.19.1',
27 silly addNameRange     '4.11.1',
27 silly addNameRange     '3.19.2',
27 silly addNameRange     '4.11.2',
27 silly addNameRange     '3.20.0',
27 silly addNameRange     '4.12.0',
27 silly addNameRange     '3.20.1',
27 silly addNameRange     '4.12.1',
27 silly addNameRange     '4.12.2',
27 silly addNameRange     '3.20.2',
27 silly addNameRange     '4.12.3',
27 silly addNameRange     '3.20.3',
27 silly addNameRange     '4.12.4',
27 silly addNameRange     '3.21.0',
27 silly addNameRange     '4.13.0',
27 silly addNameRange     '3.21.1',
27 silly addNameRange     '4.13.1',
27 silly addNameRange     '5.0.0-alpha.2',
27 silly addNameRange     '3.21.2',
27 silly addNameRange     '4.13.2',
27 silly addNameRange     '4.13.3',
27 silly addNameRange     '4.13.4' ] ]
28 silly addNamed express@4.13.4
29 verbose addNamed "4.13.4" is a plain semver version for express
30 silly mapToRegistry name express
31 silly mapToRegistry using default registry
32 silly mapToRegistry registry https://registry.npmjs.org/
33 silly mapToRegistry uri https://registry.npmjs.org/express
34 verbose addRemoteTarball https://registry.npmjs.org/express/-/express-4.13.4.tgz not in flight; adding
35 verbose addRemoteTarball [ 'https://registry.npmjs.org/express/-/express-4.13.4.tgz',
35 verbose addRemoteTarball   '3c0b76f3c77590c8345739061ec0bd3ba067ec24' ]
36 info retry fetch attempt 1 at 10:46:38 PM
37 info attempt registry request try #1 at 10:46:38 PM
38 http fetch GET https://registry.npmjs.org/express/-/express-4.13.4.tgz
39 http fetch 200 https://registry.npmjs.org/express/-/express-4.13.4.tgz
40 silly fetchAndShaCheck shasum 3c0b76f3c77590c8345739061ec0bd3ba067ec24
41 verbose addTmpTarball /var/folders/p8/mlhskmxn7zb_199328b2kwn40000gn/T/npm-15934-1c880a48/registry.npmjs.org/express/-/express-4.13.4.tgz not in flight; adding
42 verbose addTmpTarball already have metadata; skipping unpack for express@4.13.4
43 silly cache afterAdd express@4.13.4
44 verbose afterAdd /Users/juanchavez/.npm/express/4.13.4/package/package.json not in flight; writing
45 verbose afterAdd /Users/juanchavez/.npm/express/4.13.4/package/package.json written
46 silly install resolved [ { name: 'express',
46 silly install resolved     description: 'Fast, unopinionated, minimalist web framework',
46 silly install resolved     version: '4.13.4',
46 silly install resolved     author: { name: 'TJ Holowaychuk', email: 'tj@vision-media.ca' },
46 silly install resolved     contributors:
46 silly install resolved      [ [Object],
46 silly install resolved        [Object],
46 silly install resolved        [Object],
46 silly install resolved        [Object],
46 silly install resolved        [Object],
46 silly install resolved        [Object],
46 silly install resolved        [Object] ],
46 silly install resolved     license: 'MIT',
46 silly install resolved     repository: { type: 'git', url: 'https://github.com/expressjs/express' },
46 silly install resolved     keywords:
46 silly install resolved      [ 'express',
46 silly install resolved        'framework',
46 silly install resolved        'sinatra',
46 silly install resolved        'web',
46 silly install resolved        'rest',
46 silly install resolved        'restful',
46 silly install resolved        'router',
46 silly install resolved        'app',
46 silly install resolved        'api' ],
46 silly install resolved     dependencies:
46 silly install resolved      { accepts: '~1.2.12',
46 silly install resolved        'array-flatten': '1.1.1',
46 silly install resolved        'content-disposition': '0.5.1',
46 silly install resolved        'content-type': '~1.0.1',
46 silly install resolved        cookie: '0.1.5',
46 silly install resolved        'cookie-signature': '1.0.6',
46 silly install resolved        debug: '~2.2.0',
46 silly install resolved        depd: '~1.1.0',
46 silly install resolved        'escape-html': '~1.0.3',
46 silly install resolved        etag: '~1.7.0',
46 silly install resolved        finalhandler: '0.4.1',
46 silly install resolved        fresh: '0.3.0',
46 silly install resolved        'merge-descriptors': '1.0.1',
46 silly install resolved        methods: '~1.1.2',
46 silly install resolved        'on-finished': '~2.3.0',
46 silly install resolved        parseurl: '~1.3.1',
46 silly install resolved        'path-to-regexp': '0.1.7',
46 silly install resolved        'proxy-addr': '~1.0.10',
46 silly install resolved        qs: '4.0.0',
46 silly install resolved        'range-parser': '~1.0.3',
46 silly install resolved        send: '0.13.1',
46 silly install resolved        'serve-static': '~1.10.2',
46 silly install resolved        'type-is': '~1.6.6',
46 silly install resolved        'utils-merge': '1.0.0',
46 silly install resolved        vary: '~1.0.1' },
46 silly install resolved     devDependencies:
46 silly install resolved      { after: '0.8.1',
46 silly install resolved        ejs: '2.3.4',
46 silly install resolved        istanbul: '0.4.2',
46 silly install resolved        marked: '0.3.5',
46 silly install resolved        mocha: '2.3.4',
46 silly install resolved        should: '7.1.1',
46 silly install resolved        supertest: '1.1.0',
46 silly install resolved        'body-parser': '~1.14.2',
46 silly install resolved        'connect-redis': '~2.4.1',
46 silly install resolved        'cookie-parser': '~1.4.1',
46 silly install resolved        'cookie-session': '~1.2.0',
46 silly install resolved        'express-session': '~1.13.0',
46 silly install resolved        jade: '~1.11.0',
46 silly install resolved        'method-override': '~2.3.5',
46 silly install resolved        morgan: '~1.6.1',
46 silly install resolved        multiparty: '~4.1.2',
46 silly install resolved        vhost: '~3.0.1' },
46 silly install resolved     engines: { node: '>= 0.10.0' },
46 silly install resolved     files: [ 'LICENSE', 'History.md', 'Readme.md', 'index.js', 'lib/' ],
46 silly install resolved     scripts:
46 silly install resolved      { test: 'mocha --require test/support/env --reporter spec --bail --check-leaks test/ test/acceptance/',
46 silly install resolved        'test-ci': 'istanbul cover node_modules/mocha/bin/_mocha --report lcovonly -- --require test/support/env --reporter spec --check-leaks test/ test/acceptance/',
46 silly install resolved        'test-cov': 'istanbul cover node_modules/mocha/bin/_mocha -- --require test/support/env --reporter dot --check-leaks test/ test/acceptance/',
46 silly install resolved        'test-tap': 'mocha --require test/support/env --reporter tap --check-leaks test/ test/acceptance/' },
46 silly install resolved     gitHead: '193bed2649c55c1fd362e46cd4702c773f3e7434',
46 silly install resolved     bugs: { url: 'https://github.com/expressjs/express/issues' },
46 silly install resolved     homepage: 'https://github.com/expressjs/express',
46 silly install resolved     _id: 'express@4.13.4',
46 silly install resolved     _shasum: '3c0b76f3c77590c8345739061ec0bd3ba067ec24',
46 silly install resolved     _from: 'express@*',
46 silly install resolved     _npmVersion: '1.4.28',
46 silly install resolved     _npmUser: { name: 'dougwilson', email: 'doug@somethingdoug.com' },
46 silly install resolved     maintainers: [ [Object] ],
46 silly install resolved     dist:
46 silly install resolved      { shasum: '3c0b76f3c77590c8345739061ec0bd3ba067ec24',
46 silly install resolved        tarball: 'https://registry.npmjs.org/express/-/express-4.13.4.tgz' },
46 silly install resolved     directories: {},
46 silly install resolved     _resolved: 'https://registry.npmjs.org/express/-/express-4.13.4.tgz' } ]
47 info install express@4.13.4 into /Users/juanchavez/Sites/CreightonSummerResearch2016
48 info installOne express@4.13.4
49 verbose installOne of express to /Users/juanchavez/Sites/CreightonSummerResearch2016 not in flight; installing
50 warn locking Error: EACCES, open '/Users/juanchavez/.npm/_locks/express-a8d175aabd049a0f.lock'
50 warn locking     at Error (native)
50 warn locking  /Users/juanchavez/.npm/_locks/express-a8d175aabd049a0f.lock failed { [Error: EACCES, open '/Users/juanchavez/.npm/_locks/express-a8d175aabd049a0f.lock']
50 warn locking   errno: -13,
50 warn locking   code: 'EACCES',
50 warn locking   path: '/Users/juanchavez/.npm/_locks/express-a8d175aabd049a0f.lock' }
51 verbose stack Error: Attempt to unlock /Users/juanchavez/Sites/CreightonSummerResearch2016/node_modules/express, which hasn't been locked
51 verbose stack     at unlock (/usr/local/lib/node_modules/npm/lib/utils/locker.js:66:11)
51 verbose stack     at cb (/usr/local/lib/node_modules/npm/lib/install.js:1017:5)
51 verbose stack     at /usr/local/lib/node_modules/npm/lib/install.js:1021:20
51 verbose stack     at /usr/local/lib/node_modules/npm/lib/utils/locker.js:40:9
51 verbose stack     at cb (/usr/local/lib/node_modules/npm/node_modules/lockfile/lockfile.js:149:38)
51 verbose stack     at /usr/local/lib/node_modules/npm/node_modules/lockfile/lockfile.js:177:38
51 verbose stack     at FSReqWrap.oncomplete (fs.js:95:15)
52 verbose cwd /Users/juanchavez/Sites/CreightonSummerResearch2016
53 error Darwin 15.0.0
54 error argv "node" "/usr/local/bin/npm" "install" "express" "--save"
55 error node v0.12.4
56 error npm  v2.10.1
57 error Attempt to unlock /Users/juanchavez/Sites/CreightonSummerResearch2016/node_modules/express, which hasn't been locked
58 error If you need help, you may report this error at:
58 error     <https://github.com/npm/npm/issues>
59 verbose exit [ 1, true ]
